2022-10-01 16:02:14,068 [myid:] - INFO  [main:QuorumPeerConfig@174] - Reading configuration from: /demo/zookeeper/bin/../conf/zoo.cfg
2022-10-01 16:02:14,073 [myid:] - INFO  [main:QuorumPeerConfig@460] - clientPortAddress is 0.0.0.0:2181
2022-10-01 16:02:14,073 [myid:] - INFO  [main:QuorumPeerConfig@464] - secureClientPort is not set
2022-10-01 16:02:14,073 [myid:] - INFO  [main:QuorumPeerConfig@480] - observerMasterPort is not set
2022-10-01 16:02:14,074 [myid:] - INFO  [main:QuorumPeerConfig@497] - metricsProvider.className is org.apache.zookeeper.metrics.impl.DefaultMetricsProvider
2022-10-01 16:02:14,075 [myid:] - INFO  [main:DatadirCleanupManager@78] - autopurge.snapRetainCount set to 3
2022-10-01 16:02:14,075 [myid:] - INFO  [main:DatadirCleanupManager@79] - autopurge.purgeInterval set to 1
2022-10-01 16:02:14,076 [myid:] - WARN  [main:QuorumPeerMain@138] - Either no config or no quorum defined in config, running in standalone mode
2022-10-01 16:02:14,076 [myid:] - INFO  [PurgeTask:DatadirCleanupManager$PurgeTask@139] - Purge task started.
2022-10-01 16:02:14,078 [myid:] - INFO  [PurgeTask:FileTxnSnapLog@124] - zookeeper.snapshot.trust.empty : false
2022-10-01 16:02:14,079 [myid:] - INFO  [main:ManagedUtil@44] - Log4j 1.2 jmx support found and enabled.
2022-10-01 16:02:14,084 [myid:] - INFO  [PurgeTask:SnapStream@61] - zookeeper.snapshot.compression.method = CHECKED
2022-10-01 16:02:14,085 [myid:] - INFO  [PurgeTask:DatadirCleanupManager$PurgeTask@145] - Purge task completed.
2022-10-01 16:02:14,085 [myid:] - INFO  [main:QuorumPeerConfig@174] - Reading configuration from: /demo/zookeeper/bin/../conf/zoo.cfg
2022-10-01 16:02:14,085 [myid:] - INFO  [main:QuorumPeerConfig@460] - clientPortAddress is 0.0.0.0:2181
2022-10-01 16:02:14,088 [myid:] - INFO  [main:QuorumPeerConfig@464] - secureClientPort is not set
2022-10-01 16:02:14,089 [myid:] - INFO  [main:QuorumPeerConfig@480] - observerMasterPort is not set
2022-10-01 16:02:14,089 [myid:] - INFO  [main:QuorumPeerConfig@497] - metricsProvider.className is org.apache.zookeeper.metrics.impl.DefaultMetricsProvider
2022-10-01 16:02:14,089 [myid:] - INFO  [main:ZooKeeperServerMain@122] - Starting server
2022-10-01 16:02:14,098 [myid:] - INFO  [main:ServerMetrics@62] - ServerMetrics initialized with provider org.apache.zookeeper.metrics.impl.DefaultMetricsProvider@71be98f5
2022-10-01 16:02:14,099 [myid:] - INFO  [main:FileTxnSnapLog@124] - zookeeper.snapshot.trust.empty : false
2022-10-01 16:02:14,104 [myid:] - INFO  [main:ZookeeperBanner@42] - 
2022-10-01 16:02:14,104 [myid:] - INFO  [main:ZookeeperBanner@42] -   ______                  _                                          
2022-10-01 16:02:14,104 [myid:] - INFO  [main:ZookeeperBanner@42] -  |___  /                 | |                                         
2022-10-01 16:02:14,104 [myid:] - INFO  [main:ZookeeperBanner@42] -     / /    ___     ___   | | __   ___    ___   _ __     ___   _ __   
2022-10-01 16:02:14,104 [myid:] - INFO  [main:ZookeeperBanner@42] -    / /    / _ \   / _ \  | |/ /  / _ \  / _ \ | '_ \   / _ \ | '__|
2022-10-01 16:02:14,104 [myid:] - INFO  [main:ZookeeperBanner@42] -   / /__  | (_) | | (_) | |   <  |  __/ |  __/ | |_) | |  __/ | |    
2022-10-01 16:02:14,104 [myid:] - INFO  [main:ZookeeperBanner@42] -  /_____|  \___/   \___/  |_|\_\  \___|  \___| | .__/   \___| |_|
2022-10-01 16:02:14,104 [myid:] - INFO  [main:ZookeeperBanner@42] -                                               | |                     
2022-10-01 16:02:14,104 [myid:] - INFO  [main:ZookeeperBanner@42] -                                               |_|                     
2022-10-01 16:02:14,104 [myid:] - INFO  [main:ZookeeperBanner@42] - 
2022-10-01 16:02:14,105 [myid:] - INFO  [main:Environment@98] - Server environment:zookeeper.version=3.6.3--6401e4ad2087061bc6b9f80dec2d69f2e3c8660a, built on 04/08/2021 16:35 GMT
2022-10-01 16:02:14,105 [myid:] - INFO  [main:Environment@98] - Server environment:host.name=liebe-virtual-machine
2022-10-01 16:02:14,105 [myid:] - INFO  [main:Environment@98] - Server environment:java.version=1.8.0_342
2022-10-01 16:02:14,105 [myid:] - INFO  [main:Environment@98] - Server environment:java.vendor=Private Build
2022-10-01 16:02:14,106 [myid:] - INFO  [main:Environment@98] - Server environment:java.home=/usr/lib/jvm/java-8-openjdk-amd64/jre
2022-10-01 16:02:14,106 [myid:] - INFO  [main:Environment@98] - Server environment:java.class.path=/demo/zookeeper/bin/../zookeeper-server/target/classes:/demo/zookeeper/bin/../build/classes:/demo/zookeeper/bin/../zookeeper-server/target/lib/*.jar:/demo/zookeeper/bin/../build/lib/*.jar:/demo/zookeeper/bin/../lib/zookeeper-prometheus-metrics-3.6.3.jar:/demo/zookeeper/bin/../lib/zookeeper-jute-3.6.3.jar:/demo/zookeeper/bin/../lib/zookeeper-3.6.3.jar:/demo/zookeeper/bin/../lib/snappy-java-1.1.7.jar:/demo/zookeeper/bin/../lib/slf4j-log4j12-1.7.25.jar:/demo/zookeeper/bin/../lib/slf4j-api-1.7.25.jar:/demo/zookeeper/bin/../lib/simpleclient_servlet-0.6.0.jar:/demo/zookeeper/bin/../lib/simpleclient_hotspot-0.6.0.jar:/demo/zookeeper/bin/../lib/simpleclient_common-0.6.0.jar:/demo/zookeeper/bin/../lib/simpleclient-0.6.0.jar:/demo/zookeeper/bin/../lib/netty-transport-native-unix-common-4.1.63.Final.jar:/demo/zookeeper/bin/../lib/netty-transport-native-epoll-4.1.63.Final.jar:/demo/zookeeper/bin/../lib/netty-transport-4.1.63.Final.jar:/demo/zookeeper/bin/../lib/netty-resolver-4.1.63.Final.jar:/demo/zookeeper/bin/../lib/netty-handler-4.1.63.Final.jar:/demo/zookeeper/bin/../lib/netty-common-4.1.63.Final.jar:/demo/zookeeper/bin/../lib/netty-codec-4.1.63.Final.jar:/demo/zookeeper/bin/../lib/netty-buffer-4.1.63.Final.jar:/demo/zookeeper/bin/../lib/metrics-core-3.2.5.jar:/demo/zookeeper/bin/../lib/log4j-1.2.17.jar:/demo/zookeeper/bin/../lib/json-simple-1.1.1.jar:/demo/zookeeper/bin/../lib/jline-2.14.6.jar:/demo/zookeeper/bin/../lib/jetty-util-ajax-9.4.39.v20210325.jar:/demo/zookeeper/bin/../lib/jetty-util-9.4.39.v20210325.jar:/demo/zookeeper/bin/../lib/jetty-servlet-9.4.39.v20210325.jar:/demo/zookeeper/bin/../lib/jetty-server-9.4.39.v20210325.jar:/demo/zookeeper/bin/../lib/jetty-security-9.4.39.v20210325.jar:/demo/zookeeper/bin/../lib/jetty-io-9.4.39.v20210325.jar:/demo/zookeeper/bin/../lib/jetty-http-9.4.39.v20210325.jar:/demo/zookeeper/bin/../lib/javax.servlet-api-3.1.0.jar:/demo/zookeeper/bin/../lib/jackson-databind-2.10.5.1.jar:/demo/zookeeper/bin/../lib/jackson-core-2.10.5.jar:/demo/zookeeper/bin/../lib/jackson-annotations-2.10.5.jar:/demo/zookeeper/bin/../lib/commons-cli-1.2.jar:/demo/zookeeper/bin/../lib/audience-annotations-0.5.0.jar:/demo/zookeeper/bin/../zookeeper-*.jar:/demo/zookeeper/bin/../zookeeper-server/src/main/resources/lib/*.jar:/demo/zookeeper/bin/../conf:
2022-10-01 16:02:14,106 [myid:] - INFO  [main:Environment@98] - Server environment:java.library.path=/usr/java/packages/lib/amd64:/usr/lib/x86_64-linux-gnu/jni:/lib/x86_64-linux-gnu:/usr/lib/x86_64-linux-gnu:/usr/lib/jni:/lib:/usr/lib
2022-10-01 16:02:14,106 [myid:] - INFO  [main:Environment@98] - Server environment:java.io.tmpdir=/tmp
2022-10-01 16:02:14,106 [myid:] - INFO  [main:Environment@98] - Server environment:java.compiler=<NA>
2022-10-01 16:02:14,106 [myid:] - INFO  [main:Environment@98] - Server environment:os.name=Linux
2022-10-01 16:02:14,106 [myid:] - INFO  [main:Environment@98] - Server environment:os.arch=amd64
2022-10-01 16:02:14,106 [myid:] - INFO  [main:Environment@98] - Server environment:os.version=5.15.0-48-generic
2022-10-01 16:02:14,106 [myid:] - INFO  [main:Environment@98] - Server environment:user.name=root
2022-10-01 16:02:14,106 [myid:] - INFO  [main:Environment@98] - Server environment:user.home=/root
2022-10-01 16:02:14,106 [myid:] - INFO  [main:Environment@98] - Server environment:user.dir=/demo/zookeeper/bin
2022-10-01 16:02:14,106 [myid:] - INFO  [main:Environment@98] - Server environment:os.memory.free=223MB
2022-10-01 16:02:14,106 [myid:] - INFO  [main:Environment@98] - Server environment:os.memory.max=889MB
2022-10-01 16:02:14,106 [myid:] - INFO  [main:Environment@98] - Server environment:os.memory.total=240MB
2022-10-01 16:02:14,106 [myid:] - INFO  [main:ZooKeeperServer@129] - zookeeper.enableEagerACLCheck = false
2022-10-01 16:02:14,106 [myid:] - INFO  [main:ZooKeeperServer@137] - zookeeper.digest.enabled = true
2022-10-01 16:02:14,106 [myid:] - INFO  [main:ZooKeeperServer@141] - zookeeper.closeSessionTxn.enabled = true
2022-10-01 16:02:14,107 [myid:] - INFO  [main:ZooKeeperServer@1461] - zookeeper.flushDelay=0
2022-10-01 16:02:14,107 [myid:] - INFO  [main:ZooKeeperServer@1470] - zookeeper.maxWriteQueuePollTime=0
2022-10-01 16:02:14,107 [myid:] - INFO  [main:ZooKeeperServer@1479] - zookeeper.maxBatchSize=1000
2022-10-01 16:02:14,107 [myid:] - INFO  [main:ZooKeeperServer@243] - zookeeper.intBufferStartingSizeBytes = 1024
2022-10-01 16:02:14,108 [myid:] - INFO  [main:BlueThrottle@141] - Weighed connection throttling is disabled
2022-10-01 16:02:14,109 [myid:] - INFO  [main:ZooKeeperServer@1273] - minSessionTimeout set to 4000
2022-10-01 16:02:14,109 [myid:] - INFO  [main:ZooKeeperServer@1282] - maxSessionTimeout set to 40000
2022-10-01 16:02:14,110 [myid:] - INFO  [main:ResponseCache@45] - Response cache size is initialized with value 400.
2022-10-01 16:02:14,110 [myid:] - INFO  [main:ResponseCache@45] - Response cache size is initialized with value 400.
2022-10-01 16:02:14,111 [myid:] - INFO  [main:RequestPathMetricsCollector@109] - zookeeper.pathStats.slotCapacity = 60
2022-10-01 16:02:14,111 [myid:] - INFO  [main:RequestPathMetricsCollector@110] - zookeeper.pathStats.slotDuration = 15
2022-10-01 16:02:14,111 [myid:] - INFO  [main:RequestPathMetricsCollector@111] - zookeeper.pathStats.maxDepth = 6
2022-10-01 16:02:14,111 [myid:] - INFO  [main:RequestPathMetricsCollector@112] - zookeeper.pathStats.initialDelay = 5
2022-10-01 16:02:14,112 [myid:] - INFO  [main:RequestPathMetricsCollector@113] - zookeeper.pathStats.delay = 5
2022-10-01 16:02:14,112 [myid:] - INFO  [main:RequestPathMetricsCollector@114] - zookeeper.pathStats.enabled = false
2022-10-01 16:02:14,113 [myid:] - INFO  [main:ZooKeeperServer@1498] - The max bytes for all large requests are set to 104857600
2022-10-01 16:02:14,113 [myid:] - INFO  [main:ZooKeeperServer@1512] - The large request threshold is set to -1
2022-10-01 16:02:14,113 [myid:] - INFO  [main:ZooKeeperServer@339] - Created server with tickTime 2000 minSessionTimeout 4000 maxSessionTimeout 40000 clientPortListenBacklog -1 datadir /demo/zookeeper/data/version-2 snapdir /demo/zookeeper/data/version-2
2022-10-01 16:02:14,129 [myid:] - INFO  [main:Log@169] - Logging initialized @304ms to org.eclipse.jetty.util.log.Slf4jLog
2022-10-01 16:02:14,188 [myid:] - WARN  [main:ContextHandler@1660] - o.e.j.s.ServletContextHandler@1b68ddbd{/,null,STOPPED} contextPath ends with /*
2022-10-01 16:02:14,189 [myid:] - WARN  [main:ContextHandler@1671] - Empty contextPath
2022-10-01 16:02:14,200 [myid:] - INFO  [main:Server@375] - jetty-9.4.39.v20210325; built: 2021-03-25T14:42:11.471Z; git: 9fc7ca5a922f2a37b84ec9dbc26a5168cee7e667; jvm 1.8.0_342-8u342-b07-0ubuntu1~22.04-b07
2022-10-01 16:02:14,221 [myid:] - INFO  [main:DefaultSessionIdManager@334] - DefaultSessionIdManager workerName=node0
2022-10-01 16:02:14,221 [myid:] - INFO  [main:DefaultSessionIdManager@339] - No SessionScavenger set, using defaults
2022-10-01 16:02:14,222 [myid:] - INFO  [main:HouseKeeper@132] - node0 Scavenging every 600000ms
2022-10-01 16:02:14,225 [myid:] - WARN  [main:ConstraintSecurityHandler@759] - ServletContext@o.e.j.s.ServletContextHandler@1b68ddbd{/,null,STARTING} has uncovered http methods for path: /*
2022-10-01 16:02:14,233 [myid:] - INFO  [main:ContextHandler@916] - Started o.e.j.s.ServletContextHandler@1b68ddbd{/,null,AVAILABLE}
2022-10-01 16:02:14,245 [myid:] - INFO  [main:AbstractConnector@331] - Started ServerConnector@2286778{HTTP/1.1, (http/1.1)}{0.0.0.0:8080}
2022-10-01 16:02:14,245 [myid:] - INFO  [main:Server@415] - Started @420ms
2022-10-01 16:02:14,245 [myid:] - INFO  [main:JettyAdminServer@191] - Started AdminServer on address 0.0.0.0, port 8080 and command URL /commands
2022-10-01 16:02:14,249 [myid:] - INFO  [main:ServerCnxnFactory@169] - Using org.apache.zookeeper.server.NIOServerCnxnFactory as server connection factory
2022-10-01 16:02:14,250 [myid:] - WARN  [main:ServerCnxnFactory@309] - maxCnxns is not configured, using default value 0.
2022-10-01 16:02:14,251 [myid:] - INFO  [main:NIOServerCnxnFactory@666] - Configuring NIO connection handler with 10s sessionless connection timeout, 1 selector thread(s), 8 worker threads, and 64 kB direct buffers.
2022-10-01 16:02:14,252 [myid:] - INFO  [main:NIOServerCnxnFactory@674] - binding to port 0.0.0.0/0.0.0.0:2181
2022-10-01 16:02:14,263 [myid:] - INFO  [main:WatchManagerFactory@42] - Using org.apache.zookeeper.server.watch.WatchManager as watch manager
2022-10-01 16:02:14,263 [myid:] - INFO  [main:WatchManagerFactory@42] - Using org.apache.zookeeper.server.watch.WatchManager as watch manager
2022-10-01 16:02:14,263 [myid:] - INFO  [main:ZKDatabase@132] - zookeeper.snapshotSizeFactor = 0.33
2022-10-01 16:02:14,263 [myid:] - INFO  [main:ZKDatabase@152] - zookeeper.commitLogCount=500
2022-10-01 16:02:14,263 [myid:] - INFO  [main:FileSnap@85] - Reading snapshot /demo/zookeeper/data/version-2/snapshot.0
2022-10-01 16:02:14,265 [myid:] - INFO  [main:DataTree@1737] - The digest value is empty in snapshot
2022-10-01 16:02:14,286 [myid:] - INFO  [main:FileTxnSnapLog@363] - 105 txns loaded in 18 ms
2022-10-01 16:02:14,286 [myid:] - INFO  [main:ZKDatabase@289] - Snapshot loaded in 22 ms, highest zxid is 0x69, digest is 84102229695
2022-10-01 16:02:14,286 [myid:] - INFO  [main:FileTxnSnapLog@470] - Snapshotting: 0x69 to /demo/zookeeper/data/version-2/snapshot.69
2022-10-01 16:02:14,287 [myid:] - INFO  [main:ZooKeeperServer@529] - Snapshot taken in 2 ms
2022-10-01 16:02:14,297 [myid:] - INFO  [ProcessThread(sid:0 cport:2181)::PrepRequestProcessor@136] - PrepRequestProcessor (sid:0) started, reconfigEnabled=false
2022-10-01 16:02:14,297 [myid:] - INFO  [main:RequestThrottler@74] - zookeeper.request_throttler.shutdownTimeout = 10000
2022-10-01 16:02:14,309 [myid:] - INFO  [main:ContainerManager@83] - Using checkIntervalMs=60000 maxPerMinute=10000 maxNeverUsedIntervalMs=0
2022-10-01 16:02:14,309 [myid:] - INFO  [main:ZKAuditProvider@42] - ZooKeeper audit is disabled.
2022-10-01 17:02:14,076 [myid:] - INFO  [PurgeTask:DatadirCleanupManager$PurgeTask@139] - Purge task started.
2022-10-01 17:02:14,076 [myid:] - INFO  [PurgeTask:FileTxnSnapLog@124] - zookeeper.snapshot.trust.empty : false
2022-10-01 17:02:14,077 [myid:] - INFO  [PurgeTask:DatadirCleanupManager$PurgeTask@145] - Purge task completed.
2022-10-01 18:02:14,077 [myid:] - INFO  [PurgeTask:DatadirCleanupManager$PurgeTask@139] - Purge task started.
2022-10-01 18:02:14,077 [myid:] - INFO  [PurgeTask:FileTxnSnapLog@124] - zookeeper.snapshot.trust.empty : false
2022-10-01 18:02:14,078 [myid:] - INFO  [PurgeTask:DatadirCleanupManager$PurgeTask@145] - Purge task completed.
2022-10-01 18:12:37,741 [myid:] - INFO  [SyncThread:0:FileTxnLog@284] - Creating new log file: log.6a
2022-10-01 19:02:14,076 [myid:] - INFO  [PurgeTask:DatadirCleanupManager$PurgeTask@139] - Purge task started.
2022-10-01 19:02:14,077 [myid:] - INFO  [PurgeTask:FileTxnSnapLog@124] - zookeeper.snapshot.trust.empty : false
2022-10-01 19:02:14,077 [myid:] - INFO  [PurgeTask:DatadirCleanupManager$PurgeTask@145] - Purge task completed.
2022-10-01 20:02:14,077 [myid:] - INFO  [PurgeTask:DatadirCleanupManager$PurgeTask@139] - Purge task started.
2022-10-01 20:02:14,077 [myid:] - INFO  [PurgeTask:FileTxnSnapLog@124] - zookeeper.snapshot.trust.empty : false
2022-10-01 20:02:14,078 [myid:] - INFO  [PurgeTask:DatadirCleanupManager$PurgeTask@145] - Purge task completed.
